<?xml version="1.0" encoding="UTF-8"?>
<coverage generated="1674190909368" clover="3.2.0">
  <project timestamp="1674190909368" name="All files">
    <metrics statements="50" coveredstatements="18" conditionals="7" coveredconditionals="2" methods="17" coveredmethods="5" elements="74" coveredelements="25" complexity="0" loc="50" ncloc="50" packages="3" files="5" classes="5"/>
    <package name="context">
      <metrics statements="37" coveredstatements="5" conditionals="5" coveredconditionals="0" methods="13" coveredmethods="1"/>
      <file name="ShoppingCartContext.tsx" path="/Users/carticss/Documents/Workspace/Alternova2/NovaStoreLego/src/context/ShoppingCartContext.tsx">
        <metrics statements="31" coveredstatements="3" conditionals="2" coveredconditionals="0" methods="12" coveredmethods="1"/>
        <line num="4" count="1" type="stmt"/>
        <line num="21" count="1" type="stmt"/>
        <line num="28" count="1" type="stmt"/>
        <line num="30" count="0" type="stmt"/>
        <line num="32" count="0" type="stmt"/>
        <line num="33" count="0" type="stmt"/>
        <line num="34" count="0" type="stmt"/>
        <line num="36" count="0" type="stmt"/>
        <line num="40" count="0" type="stmt"/>
        <line num="41" count="0" type="stmt"/>
        <line num="42" count="0" type="stmt"/>
        <line num="43" count="0" type="cond" truecount="0" falsecount="2"/>
        <line num="44" count="0" type="stmt"/>
        <line num="47" count="0" type="stmt"/>
        <line num="51" count="0" type="stmt"/>
        <line num="52" count="0" type="stmt"/>
        <line num="55" count="0" type="stmt"/>
        <line num="56" count="0" type="stmt"/>
        <line num="59" count="0" type="stmt"/>
        <line num="60" count="0" type="stmt"/>
        <line num="63" count="0" type="stmt"/>
        <line num="64" count="0" type="stmt"/>
        <line num="65" count="0" type="stmt"/>
        <line num="66" count="0" type="stmt"/>
        <line num="67" count="0" type="stmt"/>
        <line num="68" count="0" type="stmt"/>
        <line num="71" count="0" type="stmt"/>
        <line num="72" count="0" type="stmt"/>
        <line num="73" count="0" type="stmt"/>
        <line num="74" count="0" type="stmt"/>
        <line num="77" count="0" type="stmt"/>
      </file>
      <file name="ThemeContext.tsx" path="/Users/carticss/Documents/Workspace/Alternova2/NovaStoreLego/src/context/ThemeContext.tsx">
        <metrics statements="6" coveredstatements="2" conditionals="3" coveredconditionals="0" methods="1" coveredmethods="0"/>
        <line num="20" count="1" type="stmt"/>
        <line num="22" count="1" type="stmt"/>
        <line num="23" count="0" type="cond" truecount="0" falsecount="3"/>
        <line num="25" count="0" type="stmt"/>
        <line num="27" count="0" type="stmt"/>
        <line num="29" count="0" type="stmt"/>
      </file>
    </package>
    <package name="context.styles">
      <metrics statements="4" coveredstatements="4" conditionals="0" coveredconditionals="0" methods="0" coveredmethods="0"/>
      <file name="darkStyles.ts" path="/Users/carticss/Documents/Workspace/Alternova2/NovaStoreLego/src/context/styles/darkStyles.ts">
        <metrics statements="2" coveredstatements="2" conditionals="0" coveredconditionals="0" methods="0" coveredmethods="0"/>
        <line num="3" count="1" type="stmt"/>
        <line num="5" count="1" type="stmt"/>
      </file>
      <file name="lightStyles.ts" path="/Users/carticss/Documents/Workspace/Alternova2/NovaStoreLego/src/context/styles/lightStyles.ts">
        <metrics statements="2" coveredstatements="2" conditionals="0" coveredconditionals="0" methods="0" coveredmethods="0"/>
        <line num="4" count="1" type="stmt"/>
        <line num="6" count="1" type="stmt"/>
      </file>
    </package>
    <package name="views.ShoppingCartScreen.components.StoreProducts">
      <metrics statements="9" coveredstatements="9" conditionals="2" coveredconditionals="2" methods="4" coveredmethods="4"/>
      <file name="CartProducts.tsx" path="/Users/carticss/Documents/Workspace/Alternova2/NovaStoreLego/src/views/ShoppingCartScreen/components/StoreProducts/CartProducts.tsx">
        <metrics statements="9" coveredstatements="9" conditionals="2" coveredconditionals="2" methods="4" coveredmethods="4"/>
        <line num="18" count="1" type="stmt"/>
        <line num="20" count="2" type="stmt"/>
        <line num="21" count="2" type="stmt"/>
        <line num="23" count="2" type="stmt"/>
        <line num="25" count="2" type="stmt"/>
        <line num="26" count="1" type="stmt"/>
        <line num="29" count="2" type="stmt"/>
        <line num="33" count="4" type="stmt"/>
        <line num="41" count="1" type="stmt"/>
      </file>
    </package>
  </project>
</coverage>
