{"/Users/carticss/Documents/Workspace/Alternova2/NovaStoreLego/src/context/ShoppingCartContext.tsx": {"path":"/Users/carticss/Documents/Workspace/Alternova2/NovaStoreLego/src/context/ShoppingCartContext.tsx","statementMap":{"0":{"start":{"line":4,"column":20},"end":{"line":4,"column":41}},"1":{"start":{"line":21,"column":35},"end":{"line":26,"column":2}},"2":{"start":{"line":28,"column":36},"end":{"line":89,"column":1}},"3":{"start":{"line":30,"column":28},"end":{"line":30,"column":60}},"4":{"start":{"line":32,"column":20},"end":{"line":38,"column":3}},"5":{"start":{"line":33,"column":4},"end":{"line":37,"column":5}},"6":{"start":{"line":34,"column":6},"end":{"line":34,"column":69}},"7":{"start":{"line":36,"column":6},"end":{"line":36,"column":23}},"8":{"start":{"line":40,"column":20},"end":{"line":49,"column":3}},"9":{"start":{"line":41,"column":4},"end":{"line":48,"column":5}},"10":{"start":{"line":42,"column":26},"end":{"line":42,"column":65}},"11":{"start":{"line":43,"column":6},"end":{"line":45,"column":7}},"12":{"start":{"line":44,"column":8},"end":{"line":44,"column":42}},"13":{"start":{"line":47,"column":6},"end":{"line":47,"column":23}},"14":{"start":{"line":51,"column":2},"end":{"line":53,"column":9}},"15":{"start":{"line":52,"column":4},"end":{"line":52,"column":16}},"16":{"start":{"line":55,"column":2},"end":{"line":57,"column":14}},"17":{"start":{"line":56,"column":4},"end":{"line":56,"column":16}},"18":{"start":{"line":59,"column":18},"end":{"line":61,"column":3}},"19":{"start":{"line":60,"column":4},"end":{"line":60,"column":48}},"20":{"start":{"line":60,"column":26},"end":{"line":60,"column":46}},"21":{"start":{"line":63,"column":21},"end":{"line":69,"column":3}},"22":{"start":{"line":64,"column":21},"end":{"line":64,"column":26}},"23":{"start":{"line":65,"column":4},"end":{"line":65,"column":46}},"24":{"start":{"line":66,"column":4},"end":{"line":66,"column":70}},"25":{"start":{"line":67,"column":4},"end":{"line":67,"column":16}},"26":{"start":{"line":68,"column":4},"end":{"line":68,"column":23}},"27":{"start":{"line":71,"column":17},"end":{"line":75,"column":3}},"28":{"start":{"line":72,"column":4},"end":{"line":72,"column":47}},"29":{"start":{"line":73,"column":4},"end":{"line":73,"column":16}},"30":{"start":{"line":74,"column":4},"end":{"line":74,"column":17}},"31":{"start":{"line":77,"column":2},"end":{"line":88,"column":4}}},"fnMap":{"0":{"name":"(anonymous_0)","decl":{"start":{"line":23,"column":11},"end":{"line":23,"column":12}},"loc":{"start":{"line":23,"column":39},"end":{"line":23,"column":41}},"line":23},"1":{"name":"(anonymous_1)","decl":{"start":{"line":24,"column":14},"end":{"line":24,"column":15}},"loc":{"start":{"line":24,"column":42},"end":{"line":24,"column":44}},"line":24},"2":{"name":"(anonymous_2)","decl":{"start":{"line":25,"column":10},"end":{"line":25,"column":11}},"loc":{"start":{"line":25,"column":16},"end":{"line":25,"column":18}},"line":25},"3":{"name":"(anonymous_3)","decl":{"start":{"line":28,"column":36},"end":{"line":28,"column":37}},"loc":{"start":{"line":28,"column":78},"end":{"line":89,"column":1}},"line":28},"4":{"name":"(anonymous_4)","decl":{"start":{"line":32,"column":20},"end":{"line":32,"column":21}},"loc":{"start":{"line":32,"column":32},"end":{"line":38,"column":3}},"line":32},"5":{"name":"(anonymous_5)","decl":{"start":{"line":40,"column":20},"end":{"line":40,"column":21}},"loc":{"start":{"line":40,"column":32},"end":{"line":49,"column":3}},"line":40},"6":{"name":"(anonymous_6)","decl":{"start":{"line":51,"column":12},"end":{"line":51,"column":13}},"loc":{"start":{"line":51,"column":18},"end":{"line":53,"column":3}},"line":51},"7":{"name":"(anonymous_7)","decl":{"start":{"line":55,"column":12},"end":{"line":55,"column":13}},"loc":{"start":{"line":55,"column":18},"end":{"line":57,"column":3}},"line":55},"8":{"name":"(anonymous_8)","decl":{"start":{"line":59,"column":18},"end":{"line":59,"column":19}},"loc":{"start":{"line":59,"column":46},"end":{"line":61,"column":3}},"line":59},"9":{"name":"(anonymous_9)","decl":{"start":{"line":60,"column":13},"end":{"line":60,"column":14}},"loc":{"start":{"line":60,"column":26},"end":{"line":60,"column":46}},"line":60},"10":{"name":"(anonymous_10)","decl":{"start":{"line":63,"column":21},"end":{"line":63,"column":22}},"loc":{"start":{"line":63,"column":55},"end":{"line":69,"column":3}},"line":63},"11":{"name":"(anonymous_11)","decl":{"start":{"line":71,"column":17},"end":{"line":71,"column":18}},"loc":{"start":{"line":71,"column":29},"end":{"line":75,"column":3}},"line":71}},"branchMap":{"0":{"loc":{"start":{"line":43,"column":6},"end":{"line":45,"column":7}},"type":"if","locations":[{"start":{"line":43,"column":6},"end":{"line":45,"column":7}},{"start":{},"end":{}}],"line":43}},"s":{"0":1,"1":1,"2":1,"3":0,"4":0,"5":0,"6":0,"7":0,"8":0,"9":0,"10":0,"11":0,"12":0,"13":0,"14":0,"15":0,"16":0,"17":0,"18":0,"19":0,"20":0,"21":0,"22":0,"23":0,"24":0,"25":0,"26":0,"27":0,"28":0,"29":0,"30":0,"31":0},"f":{"0":0,"1":1,"2":0,"3":0,"4":0,"5":0,"6":0,"7":0,"8":0,"9":0,"10":0,"11":0},"b":{"0":[0,0]},"_coverageSchema":"1a1c01bbd47fc00a2c39e90264f33305004495a9","hash":"627b58f39c4b4d2b3ae4650932cfb97fd4a03fd5"}
,"/Users/carticss/Documents/Workspace/Alternova2/NovaStoreLego/src/context/ThemeContext.tsx": {"path":"/Users/carticss/Documents/Workspace/Alternova2/NovaStoreLego/src/context/ThemeContext.tsx","statementMap":{"0":{"start":{"line":20,"column":28},"end":{"line":20,"column":73}},"1":{"start":{"line":22,"column":28},"end":{"line":31,"column":1}},"2":{"start":{"line":23,"column":4},"end":{"line":30,"column":5}},"3":{"start":{"line":25,"column":12},"end":{"line":25,"column":30}},"4":{"start":{"line":27,"column":12},"end":{"line":27,"column":31}},"5":{"start":{"line":29,"column":12},"end":{"line":29,"column":31}}},"fnMap":{"0":{"name":"(anonymous_0)","decl":{"start":{"line":22,"column":28},"end":{"line":22,"column":29}},"loc":{"start":{"line":22,"column":79},"end":{"line":31,"column":1}},"line":22}},"branchMap":{"0":{"loc":{"start":{"line":23,"column":4},"end":{"line":30,"column":5}},"type":"switch","locations":[{"start":{"line":24,"column":8},"end":{"line":25,"column":30}},{"start":{"line":26,"column":8},"end":{"line":27,"column":31}},{"start":{"line":28,"column":8},"end":{"line":29,"column":31}}],"line":23}},"s":{"0":1,"1":1,"2":0,"3":0,"4":0,"5":0},"f":{"0":0},"b":{"0":[0,0,0]},"_coverageSchema":"1a1c01bbd47fc00a2c39e90264f33305004495a9","hash":"3733f6b917f353de259c0e4ededc58208145a4a0"}
,"/Users/carticss/Documents/Workspace/Alternova2/NovaStoreLego/src/context/styles/darkStyles.ts": {"path":"/Users/carticss/Documents/Workspace/Alternova2/NovaStoreLego/src/context/styles/darkStyles.ts","statementMap":{"0":{"start":{"line":3,"column":26},"end":{"line":3,"column":50}},"1":{"start":{"line":5,"column":26},"end":{"line":265,"column":2}}},"fnMap":{},"branchMap":{},"s":{"0":1,"1":1},"f":{},"b":{},"_coverageSchema":"1a1c01bbd47fc00a2c39e90264f33305004495a9","hash":"cb8cbac1c06eaf46acf5541056ea7bf59aca48e2"}
,"/Users/carticss/Documents/Workspace/Alternova2/NovaStoreLego/src/context/styles/lightStyles.ts": {"path":"/Users/carticss/Documents/Workspace/Alternova2/NovaStoreLego/src/context/styles/lightStyles.ts","statementMap":{"0":{"start":{"line":4,"column":26},"end":{"line":4,"column":50}},"1":{"start":{"line":6,"column":46},"end":{"line":266,"column":2}}},"fnMap":{},"branchMap":{},"s":{"0":1,"1":1},"f":{},"b":{},"_coverageSchema":"1a1c01bbd47fc00a2c39e90264f33305004495a9","hash":"fc68bfa785094479285a19f67281cabe6f433042"}
,"/Users/carticss/Documents/Workspace/Alternova2/NovaStoreLego/src/views/ShoppingCartScreen/components/StoreProducts/CartProducts.tsx": {"path":"/Users/carticss/Documents/Workspace/Alternova2/NovaStoreLego/src/views/ShoppingCartScreen/components/StoreProducts/CartProducts.tsx","statementMap":{"0":{"start":{"line":18,"column":24},"end":{"line":52,"column":1}},"1":{"start":{"line":20,"column":25},"end":{"line":20,"column":56}},"2":{"start":{"line":21,"column":20},"end":{"line":21,"column":45}},"3":{"start":{"line":23,"column":23},"end":{"line":23,"column":28}},"4":{"start":{"line":25,"column":26},"end":{"line":27,"column":3}},"5":{"start":{"line":26,"column":4},"end":{"line":26,"column":24}},"6":{"start":{"line":29,"column":2},"end":{"line":51,"column":4}},"7":{"start":{"line":33,"column":10},"end":{"line":47,"column":17}},"8":{"start":{"line":41,"column":33},"end":{"line":41,"column":57}}},"fnMap":{"0":{"name":"(anonymous_0)","decl":{"start":{"line":18,"column":24},"end":{"line":18,"column":25}},"loc":{"start":{"line":18,"column":42},"end":{"line":52,"column":1}},"line":18},"1":{"name":"(anonymous_1)","decl":{"start":{"line":25,"column":26},"end":{"line":25,"column":27}},"loc":{"start":{"line":25,"column":48},"end":{"line":27,"column":3}},"line":25},"2":{"name":"(anonymous_2)","decl":{"start":{"line":32,"column":21},"end":{"line":32,"column":22}},"loc":{"start":{"line":33,"column":10},"end":{"line":47,"column":17}},"line":33},"3":{"name":"(anonymous_3)","decl":{"start":{"line":41,"column":25},"end":{"line":41,"column":26}},"loc":{"start":{"line":41,"column":31},"end":{"line":41,"column":59}},"line":41}},"branchMap":{"0":{"loc":{"start":{"line":42,"column":23},"end":{"line":42,"column":121}},"type":"cond-expr","locations":[{"start":{"line":42,"column":45},"end":{"line":42,"column":97}},{"start":{"line":42,"column":100},"end":{"line":42,"column":121}}],"line":42}},"s":{"0":1,"1":2,"2":2,"3":2,"4":2,"5":1,"6":2,"7":4,"8":1},"f":{"0":2,"1":1,"2":4,"3":1},"b":{"0":[2,2]},"_coverageSchema":"1a1c01bbd47fc00a2c39e90264f33305004495a9","hash":"d30da902508fbe13464980bcf8b44d5823188b47"}
}
